<?xml version="1.0" encoding="UTF-8"?>
<!-- Generated by org.testng.reporters.JUnitReportReporter -->
<testsuite hostname="LAPTOP-HA256DAP" failures="0" tests="4" name="com.CalTest" time="0.013" errors="0" timestamp="2022-04-06T14:44:28 YEKT" skipped="0">
  <testcase classname="com.CalTest" name="testSum" time="0.001"/>
  <system-out/>
  <testcase classname="com.CalTest" name="testMult" time="0.001"/>
  <system-out/>
  <testcase classname="com.CalTest" name="testDel" time="0.010"/>
  <system-out/>
  <testcase classname="com.CalTest" name="testSub" time="0.001"/>
  <system-out/>
</testsuite> <!-- com.CalTest -->
